# JRE version: OpenJDK Runtime Environment Corretto-17.0.12.7.1 (17.0.12+7) (build 17.0.12+7-LTS)
# Java VM: OpenJDK 64-Bit Server VM Corretto-17.0.12.7.1 (17.0.12+7-LTS, mixed mode, sharing, tiered, compressed oops, compressed class ptrs, g1 gc, windows-amd64)
GC Precious Log:
 CPUs: 16 total, 16 available
 Memory: 48853M
 Large Page Support: Disabled
 NUMA Support: Disabled
 Compressed Oops: Enabled (Zero based)
 Heap Region Size: 8M
 Heap Min Capacity: 8M
 Heap Initial Capacity: 768M
 Heap Max Capacity: 12216M
 Pre-touch: Disabled
 Parallel Workers: 13
 Concurrent Workers: 3
 Concurrent Refinement Workers: 13
 Periodic GC: Disabled
Heap:
 garbage-first heap   total 114688K, used 37867K [0x0000000504800000, 0x0000000800000000)
  region size 8192K, 3 young (24576K), 1 survivors (8192K)
 Metaspace       used 57096K, committed 57664K, reserved 1114112K
  class space    used 7565K, committed 7872K, reserved 1048576K
GC Heap History (18 events):
Event: 0.367 GC heap before
{Heap before GC invocations=0 (full 0):
 garbage-first heap   total 786432K, used 32768K [0x0000000504800000, 0x0000000800000000)
  region size 8192K, 4 young (32768K), 0 survivors (0K)
 Metaspace       used 5934K, committed 6144K, reserved 1114112K
  class space    used 681K, committed 832K, reserved 1048576K
}
Event: 0.369 GC heap after
{Heap after GC invocations=1 (full 0):
 garbage-first heap   total 786432K, used 8142K [0x0000000504800000, 0x0000000800000000)
  region size 8192K, 1 young (8192K), 1 survivors (8192K)
 Metaspace       used 5934K, committed 6144K, reserved 1114112K
  class space    used 681K, committed 832K, reserved 1048576K
}
Event: 0.555 GC heap before
{Heap before GC invocations=1 (full 0):
 garbage-first heap   total 786432K, used 24526K [0x0000000504800000, 0x0000000800000000)
  region size 8192K, 4 young (32768K), 1 survivors (8192K)
 Metaspace       used 11013K, committed 11264K, reserved 1114112K
  class space    used 1385K, committed 1536K, reserved 1048576K
}
Event: 0.558 GC heap after
{Heap after GC invocations=2 (full 0):
 garbage-first heap   total 786432K, used 9623K [0x0000000504800000, 0x0000000800000000)
  region size 8192K, 1 young (8192K), 1 survivors (8192K)
 Metaspace       used 11013K, committed 11264K, reserved 1114112K
  class space    used 1385K, committed 1536K, reserved 1048576K
}
Event: 0.868 GC heap before
{Heap before GC invocations=2 (full 0):
 garbage-first heap   total 786432K, used 58775K [0x0000000504800000, 0x0000000800000000)
  region size 8192K, 8 young (65536K), 1 survivors (8192K)
 Metaspace       used 19800K, committed 19968K, reserved 1114112K
  class space    used 2499K, committed 2560K, reserved 1048576K
}
Event: 0.869 GC heap after
{Heap after GC invocations=3 (full 0):
 garbage-first heap   total 786432K, used 13359K [0x0000000504800000, 0x0000000800000000)
  region size 8192K, 1 young (8192K), 1 survivors (8192K)
 Metaspace       used 19800K, committed 19968K, reserved 1114112K
  class space    used 2499K, committed 2560K, reserved 1048576K
}
Event: 0.956 GC heap before
{Heap before GC invocations=3 (full 0):
 garbage-first heap   total 786432K, used 29743K [0x0000000504800000, 0x0000000800000000)
  region size 8192K, 4 young (32768K), 1 survivors (8192K)
 Metaspace       used 21293K, committed 21504K, reserved 1114112K
  class space    used 2676K, committed 2816K, reserved 1048576K
}
Event: 0.957 GC heap after
{Heap after GC invocations=4 (full 0):
 garbage-first heap   total 786432K, used 15016K [0x0000000504800000, 0x0000000800000000)
  region size 8192K, 1 young (8192K), 1 survivors (8192K)
 Metaspace       used 21293K, committed 21504K, reserved 1114112K
  class space    used 2676K, committed 2816K, reserved 1048576K
}
Event: 1.597 GC heap before
{Heap before GC invocations=5 (full 0):
 garbage-first heap   total 114688K, used 80552K [0x0000000504800000, 0x0000000800000000)
  region size 8192K, 10 young (81920K), 1 survivors (8192K)
 Metaspace       used 31775K, committed 32128K, reserved 1114112K
  class space    used 3967K, committed 4160K, reserved 1048576K
}
Event: 1.601 GC heap after
{Heap after GC invocations=6 (full 0):
 garbage-first heap   total 114688K, used 18715K [0x0000000504800000, 0x0000000800000000)
  region size 8192K, 2 young (16384K), 2 survivors (16384K)
 Metaspace       used 31775K, committed 32128K, reserved 1114112K
  class space    used 3967K, committed 4160K, reserved 1048576K
}
Event: 1.889 GC heap before
{Heap before GC invocations=6 (full 0):
 garbage-first heap   total 114688K, used 35099K [0x0000000504800000, 0x0000000800000000)
  region size 8192K, 5 young (40960K), 2 survivors (16384K)
 Metaspace       used 35670K, committed 36096K, reserved 1114112K
  class space    used 4445K, committed 4672K, reserved 1048576K
}
Event: 1.894 GC heap after
{Heap after GC invocations=7 (full 0):
 garbage-first heap   total 114688K, used 20420K [0x0000000504800000, 0x0000000800000000)
  region size 8192K, 1 young (8192K), 1 survivors (8192K)
 Metaspace       used 35670K, committed 36096K, reserved 1114112K
  class space    used 4445K, committed 4672K, reserved 1048576K
}
Event: 2.407 GC heap before
{Heap before GC invocations=8 (full 0):
 garbage-first heap   total 114688K, used 61380K [0x0000000504800000, 0x0000000800000000)
  region size 8192K, 7 young (57344K), 1 survivors (8192K)
 Metaspace       used 41791K, committed 42240K, reserved 1114112K
  class space    used 5325K, committed 5568K, reserved 1048576K
}
Event: 2.409 GC heap after
{Heap after GC invocations=9 (full 0):
 garbage-first heap   total 114688K, used 23240K [0x0000000504800000, 0x0000000800000000)
  region size 8192K, 1 young (8192K), 1 survivors (8192K)
 Metaspace       used 41791K, committed 42240K, reserved 1114112K
  class space    used 5325K, committed 5568K, reserved 1048576K
}
Event: 2.881 GC heap before
{Heap before GC invocations=9 (full 0):
 garbage-first heap   total 114688K, used 72392K [0x0000000504800000, 0x0000000800000000)
  region size 8192K, 7 young (57344K), 1 survivors (8192K)
 Metaspace       used 46155K, committed 46592K, reserved 1114112K
  class space    used 5930K, committed 6144K, reserved 1048576K
}
Event: 2.883 GC heap after
{Heap after GC invocations=10 (full 0):
 garbage-first heap   total 114688K, used 26459K [0x0000000504800000, 0x0000000800000000)
  region size 8192K, 1 young (8192K), 1 survivors (8192K)
 Metaspace       used 46155K, committed 46592K, reserved 1114112K
  class space    used 5930K, committed 6144K, reserved 1048576K
}
Event: 3.484 GC heap before
{Heap before GC invocations=10 (full 0):
 garbage-first heap   total 114688K, used 75611K [0x0000000504800000, 0x0000000800000000)
  region size 8192K, 7 young (57344K), 1 survivors (8192K)
 Metaspace       used 54258K, committed 54720K, reserved 1114112K
  class space    used 7252K, committed 7488K, reserved 1048576K
}
Event: 3.487 GC heap after
{Heap after GC invocations=11 (full 0):
 garbage-first heap   total 114688K, used 29675K [0x0000000504800000, 0x0000000800000000)
  region size 8192K, 1 young (8192K), 1 survivors (8192K)
 Metaspace       used 54258K, committed 54720K, reserved 1114112K
  class space    used 7252K, committed 7488K, reserved 1048576K
}

